2024-12-01 17:07:54,798 - INFO - Starting social media analysis program
2024-12-01 17:07:55,968 - INFO - Starting advanced analysis...
2024-12-01 17:08:05,555 - INFO - Sentiment analysis completed
2024-12-01 17:08:05,589 - INFO - Engagement analysis completed
2024-12-01 17:08:08,631 - ERROR - An error occurred: 'comments'
2024-12-01 17:29:00,482 - INFO - Starting social media analysis program
2024-12-01 17:29:01,700 - INFO - Starting advanced analysis...
2024-12-01 17:29:10,480 - INFO - Sentiment analysis completed
2024-12-01 17:29:10,517 - INFO - Engagement analysis completed
2024-12-01 17:29:13,610 - ERROR - An error occurred: 'comments'
2024-12-01 17:33:09,424 - INFO - Starting social media analysis program
2024-12-01 17:33:10,802 - INFO - Starting advanced analysis...
2024-12-01 17:33:19,244 - INFO - Sentiment analysis completed
2024-12-01 17:33:19,284 - INFO - Engagement analysis completed
2024-12-01 17:33:22,522 - ERROR - An error occurred: "The 'comments' column does not exist in the 'reddit_comments' table."
2024-12-01 17:35:32,903 - INFO - Starting social media analysis program
2024-12-01 17:35:34,182 - INFO - Starting advanced analysis...
2024-12-01 17:35:42,910 - INFO - Sentiment analysis completed
2024-12-01 17:35:42,958 - INFO - Engagement analysis completed
2024-12-01 17:35:46,605 - ERROR - An error occurred: "The 'comments' column does not exist in the 'reddit_comments' table."
2024-12-01 17:36:48,788 - INFO - Starting social media analysis program
2024-12-01 17:36:50,053 - INFO - Starting advanced analysis...
2024-12-01 17:37:02,305 - INFO - Sentiment analysis completed
2024-12-01 17:37:02,344 - INFO - Engagement analysis completed
2024-12-01 17:37:15,756 - INFO - Word clouds generated
2024-12-01 17:37:16,386 - INFO - Posting patterns analysis completed
2024-12-01 17:37:16,412 - INFO - Program completed successfully
2024-12-01 17:41:36,876 - INFO - Starting social media analysis program
2024-12-01 17:41:38,061 - INFO - Starting advanced analysis...
2024-12-01 17:41:46,755 - INFO - Sentiment analysis completed
2024-12-01 17:41:46,795 - INFO - Engagement analysis completed
2024-12-01 17:42:00,336 - INFO - Word clouds generated
2024-12-01 17:42:00,939 - INFO - Posting patterns analysis completed
2024-12-01 17:42:00,939 - INFO - Program completed successfully
2024-12-01 17:47:44,438 - INFO - Starting social media analysis program
2024-12-01 17:47:45,705 - INFO - Starting advanced analysis...
2024-12-01 17:47:54,323 - INFO - Sentiment analysis completed
2024-12-01 17:47:54,356 - INFO - Engagement analysis completed
2024-12-01 17:48:07,892 - INFO - Word clouds generated
2024-12-01 17:48:08,532 - INFO - Posting patterns analysis completed
2024-12-01 17:48:08,552 - INFO - Program completed successfully
